[23-09-09 02:46:09 AM] DISCORD > Started refreshing 6 application (/) commands and skipped over 0 commands.
[23-09-09 02:46:09 AM] DISCORD > Started refreshing 3 application (/) commands to the dev server and skipped over 0 commands.
[23-09-09 02:46:10 AM] DISCORD > Successfully reloaded 3 application (/) commands to the dev server and skipped over 0 commands.
[23-09-09 02:46:10 AM] DISCORD > Successfully reloaded 6 application (/) commands and skipped over 0 commands.
[23-09-09 02:46:14 AM] DISCORD > Client Logged in as WynnTools#9002
[23-09-09 05:11:26 AM] DISCORD > Started refreshing 6 application (/) commands and skipped over 0 commands.
[23-09-09 05:11:26 AM] DISCORD > Started refreshing 3 application (/) commands to the dev server and skipped over 0 commands.
[23-09-09 05:11:28 AM] DISCORD > Successfully reloaded 3 application (/) commands to the dev server and skipped over 0 commands.
[23-09-09 05:11:28 AM] DISCORD > Successfully reloaded 6 application (/) commands and skipped over 0 commands.
[23-09-09 05:11:31 AM] DISCORD > Client Logged in as WynnTools#9002
[23-09-09 23:14:01 PM] DISCORD > Started refreshing 6 application (/) commands and skipped over 0 commands.
[23-09-09 23:14:01 PM] DISCORD > Started refreshing 3 application (/) commands to the dev server and skipped over 0 commands.
[23-09-09 23:14:02 PM] DISCORD > Successfully reloaded 3 application (/) commands to the dev server and skipped over 0 commands.
[23-09-09 23:14:02 PM] DISCORD > Successfully reloaded 6 application (/) commands and skipped over 0 commands.
[23-09-09 23:14:05 PM] DISCORD > Client Logged in as WynnTools#9002
[23-09-10 18:00:27 PM] DISCORD > Started refreshing 6 application (/) commands and skipped over 0 commands.
[23-09-10 18:00:27 PM] DISCORD > Started refreshing 3 application (/) commands to the dev server and skipped over 0 commands.
[23-09-10 18:00:28 PM] DISCORD > Successfully reloaded 3 application (/) commands to the dev server and skipped over 0 commands.
[23-09-10 18:00:28 PM] DISCORD > Successfully reloaded 6 application (/) commands and skipped over 0 commands.
[23-09-10 18:00:32 PM] DISCORD > Client Logged in as WynnTools#9002
[9/11/2023, 14:17:14] DISCORD > Started refreshing 6 application (/) commands and skipped over 0 commands.
[9/11/2023, 14:17:15] DISCORD > Started refreshing 3 application (/) commands to the dev server and skipped over 0 commands.
[9/11/2023, 14:17:16] DISCORD > Successfully reloaded 3 application (/) commands to the dev server and skipped over 0 commands.
[9/11/2023, 14:17:16] DISCORD > Successfully reloaded 6 application (/) commands and skipped over 0 commands.
[9/11/2023, 14:17:20] DISCORD > Client Logged in as WynnTools#9002
[9/11/2023, 21:13:31] DISCORD > Started refreshing 6 application (/) commands and skipped over 0 commands.
[9/11/2023, 21:13:31] DISCORD > Started refreshing 3 application (/) commands to the dev server and skipped over 0 commands.
[9/11/2023, 21:13:32] DISCORD > Successfully reloaded 3 application (/) commands to the dev server and skipped over 0 commands.
[9/11/2023, 21:13:32] DISCORD > Successfully reloaded 6 application (/) commands and skipped over 0 commands.
[9/11/2023, 21:13:36] DISCORD > Client Logged in as WynnTools#9002
[9/12/2023, 19:16:25] DISCORD > Started refreshing 6 application (/) commands and skipped over 0 commands.
[9/12/2023, 19:16:26] DISCORD > Started refreshing 3 application (/) commands to the dev server and skipped over 0 commands.
[9/12/2023, 19:16:27] DISCORD > Successfully reloaded 3 application (/) commands to the dev server and skipped over 0 commands.
[9/12/2023, 19:16:27] DISCORD > Successfully reloaded 6 application (/) commands and skipped over 0 commands.
[9/12/2023, 19:16:31] DISCORD > Client Logged in as WynnTools#9002
[9/12/2023, 19:48:38] DISCORD > Started refreshing 6 application (/) commands and skipped over 0 commands.
[9/12/2023, 19:48:38] DISCORD > Started refreshing 3 application (/) commands to the dev server and skipped over 0 commands.
[9/12/2023, 19:49:04] DISCORD > Started refreshing 6 application (/) commands and skipped over 0 commands.
[9/12/2023, 19:49:04] DISCORD > Started refreshing 3 application (/) commands to the dev server and skipped over 0 commands.
[9/12/2023, 19:49:05] DISCORD > Successfully reloaded 3 application (/) commands to the dev server and skipped over 0 commands.
[9/12/2023, 19:49:05] DISCORD > Successfully reloaded 6 application (/) commands and skipped over 0 commands.
[9/12/2023, 19:49:10] DISCORD > Client Logged in as WynnTools#9002
[9/13/2023, 21:19:28] DISCORD > Started refreshing 6 application (/) commands and skipped over 0 commands.
[9/13/2023, 21:19:28] DISCORD > Started refreshing 3 application (/) commands to the dev server and skipped over 0 commands.
[9/13/2023, 21:19:29] DISCORD > Successfully reloaded 3 application (/) commands to the dev server and skipped over 0 commands.
[9/13/2023, 21:19:29] DISCORD > Successfully reloaded 6 application (/) commands and skipped over 0 commands.
