[23-09-10 09:38:13 AM] ERROR > Error Id - VEB7BXNNhxl4j8l
[23-09-10 09:38:13 AM] ERROR > Server responded with 404
[23-09-10 09:38:13 AM] ERROR > Error ID: hAxoalkHCEL2kP5
[23-09-10 09:38:13 AM] ERROR > Cannot read properties of undefined (reading 'description')
[9/11/2023, 20:22:36] ERROR > Error ID: VWSko5a4xFKcYAU
[9/11/2023, 20:22:36] ERROR > [object Object]
[9/11/2023, 20:22:36] ERROR > Error ID: CE9veqivKkbJnyv
[9/11/2023, 20:22:36] ERROR > Cannot read properties of undefined (reading 'characters')
[9/11/2023, 20:22:36] ERROR > Error Id - AF8kCSYVVDU9T5k
[9/11/2023, 20:22:36] ERROR > profiles.sort is not a function
[9/11/2023, 20:24:38] ERROR > Error ID: FQLYSw1CFJViPAj
[9/11/2023, 20:24:38] ERROR > [object Object]
[9/11/2023, 20:24:38] ERROR > Error ID: WTknITmaLHFJmBK
[9/11/2023, 20:24:38] ERROR > Cannot read properties of undefined (reading 'characters')
[9/11/2023, 20:24:38] ERROR > Error Id - PD9dol6Ft3I33gI
[9/11/2023, 20:24:38] ERROR > profiles.sort is not a function
[9/12/2023, 13:35:08] ERROR > Error Id - nqm27lS9tzgrc1s
[9/12/2023, 13:35:08] ERROR > Unknown interaction
[9/12/2023, 13:35:09] ERROR > Error ID: 7avlkZC1REbxVhi
[9/12/2023, 13:35:09] ERROR > Unknown interaction
[9/12/2023, 13:35:09] ERROR > Error ID: 4fr9Y0lQ0y2QSs0
[9/12/2023, 13:35:09] ERROR > Unknown interaction
[9/12/2023, 13:35:10] ERROR > Error Id - 3xEkj9sK0JffOs1
[9/12/2023, 13:35:10] ERROR > Unknown interaction
[9/12/2023, 13:35:25] ERROR > Error ID: yAgGRY9z67PsbC2
[9/12/2023, 13:35:25] ERROR > [object Object]
[9/12/2023, 20:00:02] ERROR > Git pull error: Error: Command failed: git pull
hint: Pulling without specifying how to reconcile divergent branches is
hint: discouraged. You can squelch this message by running one of the following
hint: commands sometime before your next pull:
hint: 
hint:   git config pull.rebase false  # merge (the default strategy)
hint:   git config pull.rebase true   # rebase
hint:   git config pull.ff only       # fast-forward only
hint: 
hint: You can replace "git config" with "git config --global" to set a default
hint: preference for all repositories. You can also pass --rebase, --no-rebase,
hint: or --ff-only on the command line to override the configured default per
hint: invocation.
error: Your local changes to the following files would be overwritten by merge:
	logs/cache.log
	logs/combined.log
	logs/command.log
	logs/discord.log
	logs/error.log
	logs/script.log
Please commit your changes or stash them before you merge.
Aborting

[9/13/2023, 20:00:03] ERROR > Git pull error: Error: Command failed: git pull
hint: Pulling without specifying how to reconcile divergent branches is
hint: discouraged. You can squelch this message by running one of the following
hint: commands sometime before your next pull:
hint: 
hint:   git config pull.rebase false  # merge (the default strategy)
hint:   git config pull.rebase true   # rebase
hint:   git config pull.ff only       # fast-forward only
hint: 
hint: You can replace "git config" with "git config --global" to set a default
hint: preference for all repositories. You can also pass --rebase, --no-rebase,
hint: or --ff-only on the command line to override the configured default per
hint: invocation.
From https://github.com/Kathund/WynnTools
   297dbc5..f81f33f  main       -> origin/main
error: Your local changes to the following files would be overwritten by merge:
	logs/cache.log
	logs/combined.log
	logs/command.log
	logs/discord.log
	logs/error.log
	logs/script.log
Please commit your changes or stash them before you merge.
Aborting

[9/13/2023, 20:09:57] ERROR > Error Id - WdHXjX90k2zFsWi
[9/13/2023, 20:09:57] ERROR > Unknown interaction
[9/13/2023, 20:09:57] ERROR > Error ID: KS8erc9JqfAsO2M
[9/13/2023, 20:09:57] ERROR > Unknown interaction
[9/13/2023, 20:09:57] ERROR > Error ID: nL6lI3Bq159CPfx
[9/13/2023, 20:09:57] ERROR > Unknown interaction
[9/13/2023, 20:09:58] ERROR > Error Id - p4mjXQzxW0ZWw5y
[9/13/2023, 20:09:58] ERROR > Unknown interaction
[9/13/2023, 20:10:33] ERROR > Error ID: 8sACumBDuXNaKXf
[9/13/2023, 20:10:33] ERROR > [object Object]
[9/13/2023, 20:10:33] ERROR > Error ID: QoBX9BdU8aMCi3Z
[9/13/2023, 20:10:33] ERROR > Cannot read properties of undefined (reading 'characters')
[9/13/2023, 20:10:33] ERROR > Error Id - ydvKtokoJTqOGDW
[9/13/2023, 20:10:33] ERROR > profiles.sort is not a function
